<?xml version="1.0" encoding="UTF-8"?>
<!-- Generated by org.testng.reporters.JUnitReportReporter -->
<testsuite hostname="LAPTOP-QMK202VJ" name="runner.TestRunner_One" tests="1" failures="0" timestamp="10 Mar 2021 10:02:24 GMT" time="25.746" errors="0">
  <testcase name="feature" time="25.746" classname="runner.TestRunner_One"/>
</testsuite> <!-- runner.TestRunner_One -->
